<?xml version="1.0" encoding="UTF-8"?>
<!-- Generated by org.testng.reporters.JUnitReportReporter -->
<testsuite skipped="0" hostname="DESKTOP-VH56LQQ" name="packOne.ClassThree" tests="1" failures="0" timestamp="13 Oct 2018 12:54:59 GMT" time="13.043" errors="0">
  <testcase name="methodThreeA" time="13.043" classname="packOne.ClassThree"/>
</testsuite> <!-- packOne.ClassThree -->
