<?xml version="1.0" encoding="UTF-8"?>
<!-- Generated by org.testng.reporters.JUnitReportReporter -->
<testsuite skipped="0" hostname="DESKTOP-VH56LQQ" name="packOne.ClassFour" tests="1" failures="0" timestamp="13 Oct 2018 12:54:59 GMT" time="23.300" errors="0">
  <testcase name="methodFourA" time="23.300" classname="packOne.ClassFour"/>
</testsuite> <!-- packOne.ClassFour -->
