<?xml version="1.0" encoding="UTF-8"?>
<!-- Generated by org.testng.reporters.JUnitReportReporter -->
<testsuite skipped="0" hostname="DESKTOP-VH56LQQ" name="packOne.ClassTwo" tests="2" failures="0" timestamp="13 Oct 2018 12:54:59 GMT" time="14.641" errors="0">
  <testcase name="methodTwoA" time="14.641" classname="packOne.ClassTwo"/>
  <testcase name="methodTwoB" time="0.000" classname="packOne.ClassTwo"/>
</testsuite> <!-- packOne.ClassTwo -->
