<?xml version="1.0" encoding="UTF-8"?>
<!-- Generated by org.testng.reporters.JUnitReportReporter -->
<testsuite skipped="0" hostname="DESKTOP-VH56LQQ" name="packOne.ClassFour" tests="1" failures="0" timestamp="24 Jul 2018 17:09:00 GMT" time="16.068" errors="0">
  <testcase name="methodFourA" time="16.068" classname="packOne.ClassFour"/>
</testsuite> <!-- packOne.ClassFour -->
