<?xml version="1.0" encoding="UTF-8"?>
<!-- Generated by org.testng.reporters.JUnitReportReporter -->
<testsuite skipped="0" hostname="DESKTOP-VH56LQQ" name="packOne.ClassTwo" tests="2" failures="0" timestamp="24 Jul 2018 17:09:00 GMT" time="9.091" errors="0">
  <testcase name="methodTwoB" time="0.001" classname="packOne.ClassTwo"/>
  <testcase name="methodTwoA" time="9.090" classname="packOne.ClassTwo"/>
</testsuite> <!-- packOne.ClassTwo -->
