<?xml version="1.0" encoding="UTF-8"?>
<!-- Generated by org.testng.reporters.JUnitReportReporter -->
<testsuite skipped="0" hostname="DESKTOP-VH56LQQ" name="packOne.ClassOne" tests="1" failures="0" timestamp="24 Jul 2018 17:09:00 GMT" time="7.815" errors="0">
  <testcase name="methodOneA" time="7.815" classname="packOne.ClassOne"/>
</testsuite> <!-- packOne.ClassOne -->
